<?xml version="1.0" encoding="UTF-8"?>
<coverage generated="1770337933736" clover="3.2.0">
  <project timestamp="1770337933737" name="All files">
    <metrics statements="131" coveredstatements="117" conditionals="52" coveredconditionals="47" methods="33" coveredmethods="27" elements="216" coveredelements="191" complexity="0" loc="131" ncloc="131" packages="1" files="9" classes="9"/>
    <file name="CurrentWeather.tsx" path="/Users/rodrigobranas/development/workspace/branas/iadevt5_4/frontend/src/components/weather/CurrentWeather.tsx">
      <metrics statements="7" coveredstatements="7" conditionals="0" coveredconditionals="0" methods="1" coveredmethods="1"/>
      <line num="1" count="1" type="stmt"/>
      <line num="3" count="1" type="stmt"/>
      <line num="4" count="1" type="stmt"/>
      <line num="5" count="1" type="stmt"/>
      <line num="12" count="1" type="stmt"/>
      <line num="13" count="9" type="stmt"/>
      <line num="14" count="9" type="stmt"/>
    </file>
    <file name="DailyForecast.tsx" path="/Users/rodrigobranas/development/workspace/branas/iadevt5_4/frontend/src/components/weather/DailyForecast.tsx">
      <metrics statements="8" coveredstatements="8" conditionals="6" coveredconditionals="6" methods="2" coveredmethods="2"/>
      <line num="2" count="1" type="stmt"/>
      <line num="3" count="1" type="stmt"/>
      <line num="4" count="1" type="stmt"/>
      <line num="10" count="1" type="stmt"/>
      <line num="11" count="6" type="stmt"/>
      <line num="12" count="6" type="stmt"/>
      <line num="19" count="42" type="stmt"/>
      <line num="20" count="42" type="stmt"/>
    </file>
    <file name="HourlyForecast.tsx" path="/Users/rodrigobranas/development/workspace/branas/iadevt5_4/frontend/src/components/weather/HourlyForecast.tsx">
      <metrics statements="7" coveredstatements="7" conditionals="0" coveredconditionals="0" methods="2" coveredmethods="2"/>
      <line num="2" count="1" type="stmt"/>
      <line num="3" count="1" type="stmt"/>
      <line num="4" count="1" type="stmt"/>
      <line num="10" count="1" type="stmt"/>
      <line num="11" count="5" type="stmt"/>
      <line num="12" count="5" type="stmt"/>
      <line num="19" count="57" type="stmt"/>
    </file>
    <file name="TemperatureToggle.tsx" path="/Users/rodrigobranas/development/workspace/branas/iadevt5_4/frontend/src/components/weather/TemperatureToggle.tsx">
      <metrics statements="4" coveredstatements="4" conditionals="8" coveredconditionals="8" methods="1" coveredmethods="1"/>
      <line num="1" count="1" type="stmt"/>
      <line num="3" count="1" type="stmt"/>
      <line num="4" count="8" type="stmt"/>
      <line num="5" count="8" type="stmt"/>
    </file>
    <file name="WeatherIcon.tsx" path="/Users/rodrigobranas/development/workspace/branas/iadevt5_4/frontend/src/components/weather/WeatherIcon.tsx">
      <metrics statements="7" coveredstatements="7" conditionals="4" coveredconditionals="3" methods="1" coveredmethods="1"/>
      <line num="1" count="4" type="stmt"/>
      <line num="12" count="4" type="stmt"/>
      <line num="20" count="4" type="stmt"/>
      <line num="31" count="4" type="cond" truecount="2" falsecount="0"/>
      <line num="32" count="119" type="stmt"/>
      <line num="33" count="119" type="cond" truecount="1" falsecount="1"/>
      <line num="34" count="119" type="stmt"/>
    </file>
    <file name="WeatherSearch.tsx" path="/Users/rodrigobranas/development/workspace/branas/iadevt5_4/frontend/src/components/weather/WeatherSearch.tsx">
      <metrics statements="11" coveredstatements="11" conditionals="8" coveredconditionals="8" methods="3" coveredmethods="3"/>
      <line num="1" count="1" type="stmt"/>
      <line num="2" count="1" type="stmt"/>
      <line num="10" count="1" type="cond" truecount="2" falsecount="0"/>
      <line num="11" count="9" type="stmt"/>
      <line num="12" count="9" type="stmt"/>
      <line num="13" count="3" type="stmt"/>
      <line num="14" count="3" type="stmt"/>
      <line num="15" count="3" type="cond" truecount="2" falsecount="0"/>
      <line num="16" count="1" type="stmt"/>
      <line num="18" count="9" type="stmt"/>
      <line num="29" count="2" type="stmt"/>
    </file>
    <file name="temperature-unit-context.tsx" path="/Users/rodrigobranas/development/workspace/branas/iadevt5_4/frontend/src/components/weather/temperature-unit-context.tsx">
      <metrics statements="19" coveredstatements="19" conditionals="6" coveredconditionals="6" methods="5" coveredmethods="5"/>
      <line num="1" count="5" type="stmt"/>
      <line num="4" count="5" type="stmt"/>
      <line num="11" count="5" type="stmt"/>
      <line num="14" count="32" type="stmt"/>
      <line num="15" count="32" type="cond" truecount="2" falsecount="0"/>
      <line num="16" count="25" type="stmt"/>
      <line num="23" count="5" type="stmt"/>
      <line num="24" count="40" type="stmt"/>
      <line num="25" count="40" type="stmt"/>
      <line num="26" count="8" type="stmt"/>
      <line num="27" count="8" type="cond" truecount="2" falsecount="0"/>
      <line num="28" count="8" type="stmt"/>
      <line num="29" count="8" type="stmt"/>
      <line num="32" count="40" type="stmt"/>
      <line num="39" count="5" type="stmt"/>
      <line num="40" count="43" type="stmt"/>
      <line num="41" count="42" type="cond" truecount="2" falsecount="0"/>
      <line num="42" count="2" type="stmt"/>
      <line num="44" count="40" type="stmt"/>
    </file>
    <file name="weather.hooks.ts" path="/Users/rodrigobranas/development/workspace/branas/iadevt5_4/frontend/src/components/weather/weather.hooks.ts">
      <metrics statements="42" coveredstatements="28" conditionals="10" coveredconditionals="6" methods="9" coveredmethods="3"/>
      <line num="1" count="1" type="stmt"/>
      <line num="4" count="1" type="stmt"/>
      <line num="6" count="1" type="stmt"/>
      <line num="7" count="0" type="stmt"/>
      <line num="12" count="0" type="stmt"/>
      <line num="13" count="0" type="cond" truecount="0" falsecount="2"/>
      <line num="14" count="0" type="stmt"/>
      <line num="15" count="0" type="stmt"/>
      <line num="17" count="0" type="stmt"/>
      <line num="18" count="0" type="stmt"/>
      <line num="20" count="0" type="stmt"/>
      <line num="27" count="0" type="stmt"/>
      <line num="32" count="0" type="stmt"/>
      <line num="41" count="0" type="stmt"/>
      <line num="42" count="0" type="stmt"/>
      <line num="44" count="0" type="stmt"/>
      <line num="47" count="1" type="stmt"/>
      <line num="51" count="16" type="stmt"/>
      <line num="56" count="16" type="stmt"/>
      <line num="57" count="5" type="stmt"/>
      <line num="58" count="5" type="stmt"/>
      <line num="59" count="5" type="stmt"/>
      <line num="60" count="4" type="cond" truecount="2" falsecount="0"/>
      <line num="61" count="2" type="cond" truecount="2" falsecount="0"/>
      <line num="62" count="1" type="stmt"/>
      <line num="63" count="1" type="stmt"/>
      <line num="65" count="1" type="stmt"/>
      <line num="66" count="1" type="stmt"/>
      <line num="68" count="2" type="stmt"/>
      <line num="69" count="2" type="stmt"/>
      <line num="71" count="1" type="stmt"/>
      <line num="74" count="16" type="stmt"/>
      <line num="75" count="2" type="stmt"/>
      <line num="76" count="2" type="stmt"/>
      <line num="77" count="2" type="stmt"/>
      <line num="78" count="2" type="cond" truecount="2" falsecount="0"/>
      <line num="79" count="1" type="stmt"/>
      <line num="80" count="1" type="stmt"/>
      <line num="82" count="1" type="stmt"/>
      <line num="83" count="1" type="stmt"/>
      <line num="85" count="0" type="stmt"/>
      <line num="88" count="16" type="stmt"/>
    </file>
    <file name="weather.utils.ts" path="/Users/rodrigobranas/development/workspace/branas/iadevt5_4/frontend/src/components/weather/weather.utils.ts">
      <metrics statements="26" coveredstatements="26" conditionals="10" coveredconditionals="10" methods="9" coveredmethods="9"/>
      <line num="9" count="5" type="stmt"/>
      <line num="30" count="5" type="stmt"/>
      <line num="36" count="5" type="stmt"/>
      <line num="37" count="141" type="cond" truecount="2" falsecount="0"/>
      <line num="40" count="5" type="stmt"/>
      <line num="41" count="4" type="stmt"/>
      <line num="44" count="5" type="stmt"/>
      <line num="45" count="128" type="stmt"/>
      <line num="48" count="5" type="stmt"/>
      <line num="49" count="3" type="stmt"/>
      <line num="52" count="5" type="stmt"/>
      <line num="53" count="32" type="stmt"/>
      <line num="56" count="5" type="stmt"/>
      <line num="57" count="172" type="cond" truecount="2" falsecount="0"/>
      <line num="58" count="26" type="stmt"/>
      <line num="61" count="5" type="cond" truecount="1" falsecount="0"/>
      <line num="62" count="168" type="stmt"/>
      <line num="63" count="168" type="cond" truecount="2" falsecount="0"/>
      <line num="64" count="168" type="stmt"/>
      <line num="67" count="5" type="stmt"/>
      <line num="68" count="2" type="stmt"/>
      <line num="69" count="2" type="stmt"/>
      <line num="75" count="5" type="stmt"/>
      <line num="76" count="45" type="stmt"/>
      <line num="77" count="45" type="stmt"/>
      <line num="78" count="45" type="stmt"/>
    </file>
  </project>
</coverage>
