{"/Users/rodrigobranas/development/workspace/branas/iadevt5_4/frontend/src/components/weather/CurrentWeather.tsx": {"path":"/Users/rodrigobranas/development/workspace/branas/iadevt5_4/frontend/src/components/weather/CurrentWeather.tsx","statementMap":{"0":{"start":{"line":12,"column":0},"end":{"line":12,"column":24}},"1":{"start":{"line":1,"column":0},"end":{"line":1,"column":59}},"2":{"start":{"line":3,"column":0},"end":{"line":3,"column":52}},"3":{"start":{"line":4,"column":0},"end":{"line":4,"column":64}},"4":{"start":{"line":5,"column":0},"end":{"line":5,"column":40}},"5":{"start":{"line":13,"column":19},"end":{"line":13,"column":39}},"6":{"start":{"line":14,"column":2},"end":{"line":52,"column":4}}},"fnMap":{"0":{"name":"CurrentWeather","decl":{"start":{"line":12,"column":24},"end":{"line":12,"column":38}},"loc":{"start":{"line":12,"column":78},"end":{"line":53,"column":1}}}},"branchMap":{},"s":{"0":1,"1":1,"2":1,"3":1,"4":1,"5":9,"6":9},"f":{"0":9},"b":{}}
,"/Users/rodrigobranas/development/workspace/branas/iadevt5_4/frontend/src/components/weather/DailyForecast.tsx": {"path":"/Users/rodrigobranas/development/workspace/branas/iadevt5_4/frontend/src/components/weather/DailyForecast.tsx","statementMap":{"0":{"start":{"line":10,"column":0},"end":{"line":10,"column":24}},"1":{"start":{"line":2,"column":0},"end":{"line":2,"column":61}},"2":{"start":{"line":3,"column":0},"end":{"line":3,"column":64}},"3":{"start":{"line":4,"column":0},"end":{"line":4,"column":40}},"4":{"start":{"line":11,"column":19},"end":{"line":11,"column":39}},"5":{"start":{"line":12,"column":2},"end":{"line":47,"column":4}},"6":{"start":{"line":19,"column":24},"end":{"line":19,"column":41}},"7":{"start":{"line":20,"column":10},"end":{"line":43,"column":12}}},"fnMap":{"0":{"name":"DailyForecast","decl":{"start":{"line":10,"column":24},"end":{"line":10,"column":37}},"loc":{"start":{"line":10,"column":66},"end":{"line":48,"column":1}}},"1":{"name":"(anonymous_2)","decl":{"start":{"line":18,"column":18},"end":{"line":18,"column":19}},"loc":{"start":{"line":18,"column":26},"end":{"line":44,"column":9}}}},"branchMap":{"0":{"loc":{"start":{"line":23,"column":67},"end":{"line":23,"column":115}},"type":"cond-expr","locations":[{"start":{"line":23,"column":75},"end":{"line":23,"column":110}},{"start":{"line":23,"column":113},"end":{"line":23,"column":115}}]},"1":{"loc":{"start":{"line":27,"column":47},"end":{"line":27,"column":95}},"type":"cond-expr","locations":[{"start":{"line":27,"column":55},"end":{"line":27,"column":77}},{"start":{"line":27,"column":80},"end":{"line":27,"column":95}}]},"2":{"loc":{"start":{"line":28,"column":17},"end":{"line":28,"column":47}},"type":"cond-expr","locations":[{"start":{"line":28,"column":25},"end":{"line":28,"column":31}},{"start":{"line":28,"column":34},"end":{"line":28,"column":47}}]}},"s":{"0":1,"1":1,"2":1,"3":1,"4":6,"5":6,"6":42,"7":42},"f":{"0":6,"1":42},"b":{"0":[6,36],"1":[6,36],"2":[6,36]}}
,"/Users/rodrigobranas/development/workspace/branas/iadevt5_4/frontend/src/components/weather/HourlyForecast.tsx": {"path":"/Users/rodrigobranas/development/workspace/branas/iadevt5_4/frontend/src/components/weather/HourlyForecast.tsx","statementMap":{"0":{"start":{"line":10,"column":0},"end":{"line":10,"column":24}},"1":{"start":{"line":2,"column":0},"end":{"line":2,"column":52}},"2":{"start":{"line":3,"column":0},"end":{"line":3,"column":64}},"3":{"start":{"line":4,"column":0},"end":{"line":4,"column":40}},"4":{"start":{"line":11,"column":19},"end":{"line":11,"column":39}},"5":{"start":{"line":12,"column":2},"end":{"line":33,"column":4}},"6":{"start":{"line":19,"column":10},"end":{"line":20,"column":null}}},"fnMap":{"0":{"name":"HourlyForecast","decl":{"start":{"line":10,"column":24},"end":{"line":10,"column":38}},"loc":{"start":{"line":10,"column":68},"end":{"line":34,"column":1}}},"1":{"name":"(anonymous_2)","decl":{"start":{"line":18,"column":18},"end":{"line":18,"column":19}},"loc":{"start":{"line":19,"column":10},"end":{"line":20,"column":null}}}},"branchMap":{},"s":{"0":1,"1":1,"2":1,"3":1,"4":5,"5":5,"6":57},"f":{"0":5,"1":57},"b":{}}
,"/Users/rodrigobranas/development/workspace/branas/iadevt5_4/frontend/src/components/weather/TemperatureToggle.tsx": {"path":"/Users/rodrigobranas/development/workspace/branas/iadevt5_4/frontend/src/components/weather/TemperatureToggle.tsx","statementMap":{"0":{"start":{"line":3,"column":0},"end":{"line":3,"column":24}},"1":{"start":{"line":1,"column":0},"end":{"line":1,"column":64}},"2":{"start":{"line":4,"column":31},"end":{"line":4,"column":51}},"3":{"start":{"line":5,"column":2},"end":{"line":34,"column":4}}},"fnMap":{"0":{"name":"TemperatureToggle","decl":{"start":{"line":3,"column":24},"end":{"line":3,"column":41}},"loc":{"start":{"line":3,"column":41},"end":{"line":35,"column":1}}}},"branchMap":{"0":{"loc":{"start":{"line":9,"column":17},"end":{"line":9,"column":63}},"type":"cond-expr","locations":[{"start":{"line":9,"column":41},"end":{"line":9,"column":51}},{"start":{"line":9,"column":54},"end":{"line":9,"column":63}}]},"1":{"loc":{"start":{"line":11,"column":10},"end":{"line":13,"column":null}},"type":"cond-expr","locations":[{"start":{"line":12,"column":14},"end":{"line":12,"column":38}},{"start":{"line":13,"column":14},"end":{"line":13,"column":null}}]},"2":{"loc":{"start":{"line":22,"column":17},"end":{"line":22,"column":60}},"type":"cond-expr","locations":[{"start":{"line":22,"column":38},"end":{"line":22,"column":48}},{"start":{"line":22,"column":51},"end":{"line":22,"column":60}}]},"3":{"loc":{"start":{"line":24,"column":10},"end":{"line":26,"column":null}},"type":"cond-expr","locations":[{"start":{"line":25,"column":14},"end":{"line":25,"column":38}},{"start":{"line":26,"column":14},"end":{"line":26,"column":null}}]}},"s":{"0":1,"1":1,"2":8,"3":8},"f":{"0":8},"b":{"0":[3,5],"1":[5,3],"2":[5,3],"3":[3,5]}}
,"/Users/rodrigobranas/development/workspace/branas/iadevt5_4/frontend/src/components/weather/WeatherIcon.tsx": {"path":"/Users/rodrigobranas/development/workspace/branas/iadevt5_4/frontend/src/components/weather/WeatherIcon.tsx","statementMap":{"0":{"start":{"line":31,"column":0},"end":{"line":31,"column":24}},"1":{"start":{"line":1,"column":0},"end":{"line":1,"column":null}},"2":{"start":{"line":12,"column":0},"end":{"line":12,"column":49}},"3":{"start":{"line":20,"column":67},"end":{"line":29,"column":2}},"4":{"start":{"line":32,"column":19},"end":{"line":32,"column":46}},"5":{"start":{"line":33,"column":24},"end":{"line":33,"column":51}},"6":{"start":{"line":34,"column":2},"end":{"line":34,"column":102}}},"fnMap":{"0":{"name":"WeatherIcon","decl":{"start":{"line":31,"column":24},"end":{"line":31,"column":35}},"loc":{"start":{"line":31,"column":96},"end":{"line":35,"column":1}}}},"branchMap":{"0":{"loc":{"start":{"line":31,"column":51},"end":{"line":31,"column":60}},"type":"default-arg","locations":[{"start":{"line":31,"column":58},"end":{"line":31,"column":60}}]},"1":{"loc":{"start":{"line":31,"column":62},"end":{"line":31,"column":76}},"type":"default-arg","locations":[{"start":{"line":31,"column":74},"end":{"line":31,"column":76}}]},"2":{"loc":{"start":{"line":33,"column":24},"end":{"line":33,"column":51}},"type":"binary-expr","locations":[{"start":{"line":33,"column":24},"end":{"line":33,"column":42}},{"start":{"line":33,"column":46},"end":{"line":33,"column":51}}]}},"s":{"0":4,"1":4,"2":4,"3":4,"4":119,"5":119,"6":119},"f":{"0":119},"b":{"0":[10],"1":[118],"2":[119,0]}}
,"/Users/rodrigobranas/development/workspace/branas/iadevt5_4/frontend/src/components/weather/WeatherSearch.tsx": {"path":"/Users/rodrigobranas/development/workspace/branas/iadevt5_4/frontend/src/components/weather/WeatherSearch.tsx","statementMap":{"0":{"start":{"line":10,"column":0},"end":{"line":10,"column":24}},"1":{"start":{"line":1,"column":0},"end":{"line":1,"column":33}},"2":{"start":{"line":2,"column":0},"end":{"line":2,"column":38}},"3":{"start":{"line":11,"column":26},"end":{"line":11,"column":38}},"4":{"start":{"line":12,"column":23},"end":{"line":17,"column":3}},"5":{"start":{"line":13,"column":4},"end":{"line":13,"column":27}},"6":{"start":{"line":14,"column":24},"end":{"line":14,"column":35}},"7":{"start":{"line":15,"column":4},"end":{"line":15,"column":29}},"8":{"start":{"line":15,"column":22},"end":{"line":15,"column":29}},"9":{"start":{"line":16,"column":4},"end":{"line":16,"column":26}},"10":{"start":{"line":18,"column":2},"end":{"line":44,"column":4}},"11":{"start":{"line":29,"column":27},"end":{"line":29,"column":50}}},"fnMap":{"0":{"name":"WeatherSearch","decl":{"start":{"line":10,"column":24},"end":{"line":10,"column":37}},"loc":{"start":{"line":10,"column":105},"end":{"line":45,"column":1}}},"1":{"name":"(anonymous_1)","decl":{"start":{"line":12,"column":23},"end":{"line":12,"column":24}},"loc":{"start":{"line":12,"column":50},"end":{"line":17,"column":3}}},"2":{"name":"(anonymous_2)","decl":{"start":{"line":29,"column":20},"end":{"line":29,"column":21}},"loc":{"start":{"line":29,"column":27},"end":{"line":29,"column":50}}}},"branchMap":{"0":{"loc":{"start":{"line":10,"column":50},"end":{"line":10,"column":65}},"type":"default-arg","locations":[{"start":{"line":10,"column":60},"end":{"line":10,"column":65}}]},"1":{"loc":{"start":{"line":10,"column":67},"end":{"line":10,"column":83}},"type":"default-arg","locations":[{"start":{"line":10,"column":78},"end":{"line":10,"column":83}}]},"2":{"loc":{"start":{"line":15,"column":4},"end":{"line":15,"column":29}},"type":"if","locations":[{"start":{"line":15,"column":4},"end":{"line":15,"column":29}},{"start":{},"end":{}}]},"3":{"loc":{"start":{"line":20,"column":7},"end":{"line":23,"column":null}},"type":"binary-expr","locations":[{"start":{"line":20,"column":7},"end":{"line":20,"column":15}},{"start":{"line":21,"column":8},"end":{"line":21,"column":null}}]},"4":{"loc":{"start":{"line":36,"column":20},"end":{"line":36,"column":43}},"type":"binary-expr","locations":[{"start":{"line":36,"column":20},"end":{"line":36,"column":27}},{"start":{"line":36,"column":31},"end":{"line":36,"column":43}}]}},"s":{"0":1,"1":1,"2":1,"3":9,"4":9,"5":3,"6":3,"7":3,"8":2,"9":1,"10":9,"11":2},"f":{"0":9,"1":3,"2":2},"b":{"0":[8],"1":[7],"2":[2,1],"3":[9,1],"4":[9,8]}}
,"/Users/rodrigobranas/development/workspace/branas/iadevt5_4/frontend/src/components/weather/temperature-unit-context.tsx": {"path":"/Users/rodrigobranas/development/workspace/branas/iadevt5_4/frontend/src/components/weather/temperature-unit-context.tsx","statementMap":{"0":{"start":{"line":23,"column":0},"end":{"line":23,"column":16}},"1":{"start":{"line":39,"column":0},"end":{"line":39,"column":16}},"2":{"start":{"line":1,"column":0},"end":{"line":1,"column":89}},"3":{"start":{"line":4,"column":20},"end":{"line":4,"column":37}},"4":{"start":{"line":11,"column":31},"end":{"line":11,"column":95}},"5":{"start":{"line":14,"column":17},"end":{"line":14,"column":50}},"6":{"start":{"line":15,"column":2},"end":{"line":15,"column":51}},"7":{"start":{"line":15,"column":31},"end":{"line":15,"column":51}},"8":{"start":{"line":16,"column":2},"end":{"line":16,"column":19}},"9":{"start":{"line":24,"column":26},"end":{"line":24,"column":67}},"10":{"start":{"line":25,"column":21},"end":{"line":31,"column":8}},"11":{"start":{"line":26,"column":4},"end":{"line":30,"column":7}},"12":{"start":{"line":27,"column":19},"end":{"line":27,"column":64}},"13":{"start":{"line":28,"column":6},"end":{"line":28,"column":46}},"14":{"start":{"line":29,"column":6},"end":{"line":29,"column":18}},"15":{"start":{"line":32,"column":2},"end":{"line":36,"column":4}},"16":{"start":{"line":40,"column":18},"end":{"line":40,"column":52}},"17":{"start":{"line":41,"column":2},"end":{"line":43,"column":3}},"18":{"start":{"line":42,"column":4},"end":{"line":42,"column":86}},"19":{"start":{"line":44,"column":2},"end":{"line":44,"column":17}}},"fnMap":{"0":{"name":"readStoredUnit","decl":{"start":{"line":13,"column":9},"end":{"line":13,"column":23}},"loc":{"start":{"line":13,"column":23},"end":{"line":17,"column":1}}},"1":{"name":"TemperatureUnitProvider","decl":{"start":{"line":23,"column":16},"end":{"line":23,"column":39}},"loc":{"start":{"line":23,"column":82},"end":{"line":37,"column":1}}},"2":{"name":"(anonymous_2)","decl":{"start":{"line":25,"column":33},"end":{"line":25,"column":36}},"loc":{"start":{"line":25,"column":38},"end":{"line":31,"column":3}}},"3":{"name":"(anonymous_3)","decl":{"start":{"line":26,"column":12},"end":{"line":26,"column":13}},"loc":{"start":{"line":26,"column":21},"end":{"line":30,"column":5}}},"4":{"name":"useTemperatureUnit","decl":{"start":{"line":39,"column":16},"end":{"line":39,"column":34}},"loc":{"start":{"line":39,"column":34},"end":{"line":45,"column":1}}}},"branchMap":{"0":{"loc":{"start":{"line":15,"column":2},"end":{"line":15,"column":51}},"type":"if","locations":[{"start":{"line":15,"column":2},"end":{"line":15,"column":51}},{"start":{},"end":{}}]},"1":{"loc":{"start":{"line":27,"column":19},"end":{"line":27,"column":64}},"type":"cond-expr","locations":[{"start":{"line":27,"column":40},"end":{"line":27,"column":52}},{"start":{"line":27,"column":55},"end":{"line":27,"column":64}}]},"2":{"loc":{"start":{"line":41,"column":2},"end":{"line":43,"column":3}},"type":"if","locations":[{"start":{"line":41,"column":2},"end":{"line":43,"column":3}},{"start":{},"end":{}}]}},"s":{"0":5,"1":5,"2":5,"3":5,"4":5,"5":32,"6":32,"7":7,"8":25,"9":40,"10":40,"11":8,"12":8,"13":8,"14":8,"15":40,"16":43,"17":42,"18":2,"19":40},"f":{"0":32,"1":40,"2":8,"3":8,"4":43},"b":{"0":[7,25],"1":[5,3],"2":[2,40]}}
,"/Users/rodrigobranas/development/workspace/branas/iadevt5_4/frontend/src/components/weather/weather.hooks.ts": {"path":"/Users/rodrigobranas/development/workspace/branas/iadevt5_4/frontend/src/components/weather/weather.hooks.ts","statementMap":{"0":{"start":{"line":6,"column":0},"end":{"line":6,"column":16}},"1":{"start":{"line":47,"column":0},"end":{"line":47,"column":16}},"2":{"start":{"line":1,"column":0},"end":{"line":1,"column":57}},"3":{"start":{"line":4,"column":21},"end":{"line":4,"column":35}},"4":{"start":{"line":7,"column":28},"end":{"line":11,"column":4}},"5":{"start":{"line":12,"column":28},"end":{"line":40,"column":8}},"6":{"start":{"line":13,"column":4},"end":{"line":16,"column":5}},"7":{"start":{"line":14,"column":6},"end":{"line":14,"column":107}},"8":{"start":{"line":15,"column":6},"end":{"line":15,"column":13}},"9":{"start":{"line":17,"column":4},"end":{"line":17,"column":51}},"10":{"start":{"line":17,"column":22},"end":{"line":17,"column":48}},"11":{"start":{"line":18,"column":4},"end":{"line":39,"column":6}},"12":{"start":{"line":20,"column":8},"end":{"line":24,"column":11}},"13":{"start":{"line":27,"column":54},"end":{"line":31,"column":10}},"14":{"start":{"line":32,"column":8},"end":{"line":36,"column":11}},"15":{"start":{"line":41,"column":2},"end":{"line":43,"column":26}},"16":{"start":{"line":42,"column":4},"end":{"line":42,"column":24}},"17":{"start":{"line":44,"column":2},"end":{"line":44,"column":41}},"18":{"start":{"line":51,"column":28},"end":{"line":55,"column":4}},"19":{"start":{"line":56,"column":22},"end":{"line":73,"column":8}},"20":{"start":{"line":57,"column":4},"end":{"line":57,"column":57}},"21":{"start":{"line":58,"column":4},"end":{"line":72,"column":5}},"22":{"start":{"line":59,"column":23},"end":{"line":59,"column":95}},"23":{"start":{"line":60,"column":6},"end":{"line":67,"column":7}},"24":{"start":{"line":61,"column":8},"end":{"line":64,"column":9}},"25":{"start":{"line":62,"column":10},"end":{"line":62,"column":102}},"26":{"start":{"line":63,"column":10},"end":{"line":63,"column":17}},"27":{"start":{"line":65,"column":8},"end":{"line":65,"column":91}},"28":{"start":{"line":66,"column":8},"end":{"line":66,"column":15}},"29":{"start":{"line":68,"column":32},"end":{"line":68,"column":53}},"30":{"start":{"line":69,"column":6},"end":{"line":69,"column":54}},"31":{"start":{"line":71,"column":6},"end":{"line":71,"column":88}},"32":{"start":{"line":74,"column":29},"end":{"line":87,"column":8}},"33":{"start":{"line":75,"column":4},"end":{"line":75,"column":57}},"34":{"start":{"line":76,"column":4},"end":{"line":86,"column":5}},"35":{"start":{"line":77,"column":23},"end":{"line":77,"column":106}},"36":{"start":{"line":78,"column":6},"end":{"line":81,"column":7}},"37":{"start":{"line":79,"column":8},"end":{"line":79,"column":91}},"38":{"start":{"line":80,"column":8},"end":{"line":80,"column":15}},"39":{"start":{"line":82,"column":32},"end":{"line":82,"column":53}},"40":{"start":{"line":83,"column":6},"end":{"line":83,"column":54}},"41":{"start":{"line":85,"column":6},"end":{"line":85,"column":88}},"42":{"start":{"line":88,"column":2},"end":{"line":88,"column":55}}},"fnMap":{"0":{"name":"useGeolocation","decl":{"start":{"line":6,"column":16},"end":{"line":6,"column":30}},"loc":{"start":{"line":6,"column":30},"end":{"line":45,"column":1}}},"1":{"name":"(anonymous_1)","decl":{"start":{"line":12,"column":40},"end":{"line":12,"column":43}},"loc":{"start":{"line":12,"column":45},"end":{"line":40,"column":3}}},"2":{"name":"(anonymous_2)","decl":{"start":{"line":17,"column":13},"end":{"line":17,"column":17}},"loc":{"start":{"line":17,"column":22},"end":{"line":17,"column":48}}},"3":{"name":"(anonymous_3)","decl":{"start":{"line":19,"column":6},"end":{"line":19,"column":7}},"loc":{"start":{"line":19,"column":19},"end":{"line":25,"column":7}}},"4":{"name":"(anonymous_4)","decl":{"start":{"line":26,"column":6},"end":{"line":26,"column":7}},"loc":{"start":{"line":26,"column":16},"end":{"line":37,"column":7}}},"5":{"name":"(anonymous_5)","decl":{"start":{"line":41,"column":12},"end":{"line":41,"column":15}},"loc":{"start":{"line":41,"column":17},"end":{"line":43,"column":3}}},"6":{"name":"useWeather","decl":{"start":{"line":47,"column":16},"end":{"line":47,"column":26}},"loc":{"start":{"line":47,"column":26},"end":{"line":89,"column":1}}},"7":{"name":"(anonymous_7)","decl":{"start":{"line":56,"column":34},"end":{"line":56,"column":39}},"loc":{"start":{"line":56,"column":57},"end":{"line":73,"column":3}}},"8":{"name":"(anonymous_8)","decl":{"start":{"line":74,"column":41},"end":{"line":74,"column":46}},"loc":{"start":{"line":74,"column":87},"end":{"line":87,"column":3}}}},"branchMap":{"0":{"loc":{"start":{"line":13,"column":4},"end":{"line":16,"column":5}},"type":"if","locations":[{"start":{"line":13,"column":4},"end":{"line":16,"column":5}},{"start":{},"end":{}}]},"1":{"loc":{"start":{"line":34,"column":17},"end":{"line":34,"column":73}},"type":"binary-expr","locations":[{"start":{"line":34,"column":17},"end":{"line":34,"column":42}},{"start":{"line":34,"column":46},"end":{"line":34,"column":73}}]},"2":{"loc":{"start":{"line":60,"column":6},"end":{"line":67,"column":7}},"type":"if","locations":[{"start":{"line":60,"column":6},"end":{"line":67,"column":7}},{"start":{},"end":{}}]},"3":{"loc":{"start":{"line":61,"column":8},"end":{"line":64,"column":9}},"type":"if","locations":[{"start":{"line":61,"column":8},"end":{"line":64,"column":9}},{"start":{},"end":{}}]},"4":{"loc":{"start":{"line":78,"column":6},"end":{"line":81,"column":7}},"type":"if","locations":[{"start":{"line":78,"column":6},"end":{"line":81,"column":7}},{"start":{},"end":{}}]}},"s":{"0":1,"1":1,"2":1,"3":1,"4":0,"5":0,"6":0,"7":0,"8":0,"9":0,"10":0,"11":0,"12":0,"13":0,"14":0,"15":0,"16":0,"17":0,"18":16,"19":16,"20":5,"21":5,"22":5,"23":4,"24":2,"25":1,"26":1,"27":1,"28":1,"29":2,"30":2,"31":1,"32":16,"33":2,"34":2,"35":2,"36":2,"37":1,"38":1,"39":1,"40":1,"41":0,"42":16},"f":{"0":0,"1":0,"2":0,"3":0,"4":0,"5":0,"6":16,"7":5,"8":2},"b":{"0":[0,0],"1":[0,0],"2":[2,2],"3":[1,1],"4":[1,1]}}
,"/Users/rodrigobranas/development/workspace/branas/iadevt5_4/frontend/src/components/weather/weather.utils.ts": {"path":"/Users/rodrigobranas/development/workspace/branas/iadevt5_4/frontend/src/components/weather/weather.utils.ts","statementMap":{"0":{"start":{"line":36,"column":0},"end":{"line":36,"column":16}},"1":{"start":{"line":40,"column":0},"end":{"line":40,"column":16}},"2":{"start":{"line":44,"column":0},"end":{"line":44,"column":16}},"3":{"start":{"line":48,"column":0},"end":{"line":48,"column":16}},"4":{"start":{"line":52,"column":0},"end":{"line":52,"column":16}},"5":{"start":{"line":56,"column":0},"end":{"line":56,"column":16}},"6":{"start":{"line":61,"column":0},"end":{"line":61,"column":16}},"7":{"start":{"line":67,"column":0},"end":{"line":67,"column":16}},"8":{"start":{"line":75,"column":0},"end":{"line":75,"column":16}},"9":{"start":{"line":9,"column":47},"end":{"line":28,"column":2}},"10":{"start":{"line":30,"column":38},"end":{"line":34,"column":2}},"11":{"start":{"line":37,"column":2},"end":{"line":37,"column":45}},"12":{"start":{"line":41,"column":2},"end":{"line":41,"column":42}},"13":{"start":{"line":45,"column":2},"end":{"line":45,"column":35}},"14":{"start":{"line":49,"column":2},"end":{"line":49,"column":39}},"15":{"start":{"line":53,"column":2},"end":{"line":53,"column":44}},"16":{"start":{"line":57,"column":2},"end":{"line":57,"column":41}},"17":{"start":{"line":57,"column":26},"end":{"line":57,"column":41}},"18":{"start":{"line":58,"column":2},"end":{"line":58,"column":45}},"19":{"start":{"line":62,"column":20},"end":{"line":62,"column":57}},"20":{"start":{"line":63,"column":17},"end":{"line":63,"column":49}},"21":{"start":{"line":64,"column":2},"end":{"line":64,"column":45}},"22":{"start":{"line":68,"column":15},"end":{"line":68,"column":49}},"23":{"start":{"line":69,"column":2},"end":{"line":72,"column":5}},"24":{"start":{"line":76,"column":16},"end":{"line":76,"column":26}},"25":{"start":{"line":77,"column":15},"end":{"line":77,"column":49}},"26":{"start":{"line":78,"column":2},"end":{"line":82,"column":4}}},"fnMap":{"0":{"name":"getWmoCodeInfo","decl":{"start":{"line":36,"column":16},"end":{"line":36,"column":30}},"loc":{"start":{"line":36,"column":43},"end":{"line":38,"column":1}}},"1":{"name":"getWeatherDescription","decl":{"start":{"line":40,"column":16},"end":{"line":40,"column":37}},"loc":{"start":{"line":40,"column":50},"end":{"line":42,"column":1}}},"2":{"name":"getWeatherIcon","decl":{"start":{"line":44,"column":16},"end":{"line":44,"column":30}},"loc":{"start":{"line":44,"column":43},"end":{"line":46,"column":1}}},"3":{"name":"getWeatherGradient","decl":{"start":{"line":48,"column":16},"end":{"line":48,"column":34}},"loc":{"start":{"line":48,"column":47},"end":{"line":50,"column":1}}},"4":{"name":"convertCelsiusToFahrenheit","decl":{"start":{"line":52,"column":16},"end":{"line":52,"column":42}},"loc":{"start":{"line":52,"column":58},"end":{"line":54,"column":1}}},"5":{"name":"convertTemperature","decl":{"start":{"line":56,"column":16},"end":{"line":56,"column":34}},"loc":{"start":{"line":56,"column":73},"end":{"line":59,"column":1}}},"6":{"name":"formatTemperature","decl":{"start":{"line":61,"column":16},"end":{"line":61,"column":33}},"loc":{"start":{"line":61,"column":88},"end":{"line":65,"column":1}}},"7":{"name":"formatDate","decl":{"start":{"line":67,"column":16},"end":{"line":67,"column":26}},"loc":{"start":{"line":67,"column":45},"end":{"line":73,"column":1}}},"8":{"name":"isToday","decl":{"start":{"line":75,"column":16},"end":{"line":75,"column":23}},"loc":{"start":{"line":75,"column":42},"end":{"line":83,"column":1}}}},"branchMap":{"0":{"loc":{"start":{"line":37,"column":9},"end":{"line":37,"column":44}},"type":"binary-expr","locations":[{"start":{"line":37,"column":9},"end":{"line":37,"column":24}},{"start":{"line":37,"column":28},"end":{"line":37,"column":44}}]},"1":{"loc":{"start":{"line":57,"column":2},"end":{"line":57,"column":41}},"type":"if","locations":[{"start":{"line":57,"column":2},"end":{"line":57,"column":41}},{"start":{},"end":{}}]},"2":{"loc":{"start":{"line":61,"column":55},"end":{"line":61,"column":88}},"type":"default-arg","locations":[{"start":{"line":61,"column":79},"end":{"line":61,"column":88}}]},"3":{"loc":{"start":{"line":63,"column":17},"end":{"line":63,"column":49}},"type":"cond-expr","locations":[{"start":{"line":63,"column":38},"end":{"line":63,"column":42}},{"start":{"line":63,"column":45},"end":{"line":63,"column":49}}]},"4":{"loc":{"start":{"line":79,"column":4},"end":{"line":81,"column":46}},"type":"binary-expr","locations":[{"start":{"line":79,"column":4},"end":{"line":79,"column":38}},{"start":{"line":80,"column":4},"end":{"line":80,"column":40}},{"start":{"line":81,"column":4},"end":{"line":81,"column":46}}]}},"s":{"0":5,"1":5,"2":5,"3":5,"4":5,"5":5,"6":5,"7":5,"8":5,"9":5,"10":5,"11":141,"12":4,"13":128,"14":3,"15":32,"16":172,"17":146,"18":26,"19":168,"20":168,"21":168,"22":2,"23":2,"24":45,"25":45,"26":45},"f":{"0":141,"1":4,"2":128,"3":3,"4":32,"5":172,"6":168,"7":2,"8":45},"b":{"0":[141,5],"1":[146,26],"2":[1],"3":[144,24],"4":[45,13,7]}}
}
