TN:
SF:src/components/weather/CurrentWeather.tsx
FN:12,CurrentWeather
FNF:1
FNH:1
FNDA:9,CurrentWeather
DA:1,1
DA:3,1
DA:4,1
DA:5,1
DA:12,1
DA:13,9
DA:14,9
LF:7
LH:7
BRF:0
BRH:0
end_of_record
TN:
SF:src/components/weather/DailyForecast.tsx
FN:10,DailyForecast
FN:18,(anonymous_2)
FNF:2
FNH:2
FNDA:6,DailyForecast
FNDA:42,(anonymous_2)
DA:2,1
DA:3,1
DA:4,1
DA:10,1
DA:11,6
DA:12,6
DA:19,42
DA:20,42
LF:8
LH:8
BRDA:23,0,0,6
BRDA:23,0,1,36
BRDA:27,1,0,6
BRDA:27,1,1,36
BRDA:28,2,0,6
BRDA:28,2,1,36
BRF:6
BRH:6
end_of_record
TN:
SF:src/components/weather/HourlyForecast.tsx
FN:10,HourlyForecast
FN:18,(anonymous_2)
FNF:2
FNH:2
FNDA:5,HourlyForecast
FNDA:57,(anonymous_2)
DA:2,1
DA:3,1
DA:4,1
DA:10,1
DA:11,5
DA:12,5
DA:19,57
LF:7
LH:7
BRF:0
BRH:0
end_of_record
TN:
SF:src/components/weather/TemperatureToggle.tsx
FN:3,TemperatureToggle
FNF:1
FNH:1
FNDA:8,TemperatureToggle
DA:1,1
DA:3,1
DA:4,8
DA:5,8
LF:4
LH:4
BRDA:9,0,0,3
BRDA:9,0,1,5
BRDA:11,1,0,5
BRDA:11,1,1,3
BRDA:22,2,0,5
BRDA:22,2,1,3
BRDA:24,3,0,3
BRDA:24,3,1,5
BRF:8
BRH:8
end_of_record
TN:
SF:src/components/weather/WeatherIcon.tsx
FN:31,WeatherIcon
FNF:1
FNH:1
FNDA:119,WeatherIcon
DA:1,4
DA:12,4
DA:20,4
DA:31,4
DA:32,119
DA:33,119
DA:34,119
LF:7
LH:7
BRDA:31,0,0,10
BRDA:31,1,0,118
BRDA:33,2,0,119
BRDA:33,2,1,0
BRF:4
BRH:3
end_of_record
TN:
SF:src/components/weather/WeatherSearch.tsx
FN:10,WeatherSearch
FN:12,(anonymous_1)
FN:29,(anonymous_2)
FNF:3
FNH:3
FNDA:9,WeatherSearch
FNDA:3,(anonymous_1)
FNDA:2,(anonymous_2)
DA:1,1
DA:2,1
DA:10,1
DA:11,9
DA:12,9
DA:13,3
DA:14,3
DA:15,3
DA:16,1
DA:18,9
DA:29,2
LF:11
LH:11
BRDA:10,0,0,8
BRDA:10,1,0,7
BRDA:15,2,0,2
BRDA:15,2,1,1
BRDA:20,3,0,9
BRDA:20,3,1,1
BRDA:36,4,0,9
BRDA:36,4,1,8
BRF:8
BRH:8
end_of_record
TN:
SF:src/components/weather/temperature-unit-context.tsx
FN:13,readStoredUnit
FN:23,TemperatureUnitProvider
FN:25,(anonymous_2)
FN:26,(anonymous_3)
FN:39,useTemperatureUnit
FNF:5
FNH:5
FNDA:32,readStoredUnit
FNDA:40,TemperatureUnitProvider
FNDA:8,(anonymous_2)
FNDA:8,(anonymous_3)
FNDA:43,useTemperatureUnit
DA:1,5
DA:4,5
DA:11,5
DA:14,32
DA:15,32
DA:16,25
DA:23,5
DA:24,40
DA:25,40
DA:26,8
DA:27,8
DA:28,8
DA:29,8
DA:32,40
DA:39,5
DA:40,43
DA:41,42
DA:42,2
DA:44,40
LF:19
LH:19
BRDA:15,0,0,7
BRDA:15,0,1,25
BRDA:27,1,0,5
BRDA:27,1,1,3
BRDA:41,2,0,2
BRDA:41,2,1,40
BRF:6
BRH:6
end_of_record
TN:
SF:src/components/weather/weather.hooks.ts
FN:6,useGeolocation
FN:12,(anonymous_1)
FN:17,(anonymous_2)
FN:19,(anonymous_3)
FN:26,(anonymous_4)
FN:41,(anonymous_5)
FN:47,useWeather
FN:56,(anonymous_7)
FN:74,(anonymous_8)
FNF:9
FNH:3
FNDA:0,useGeolocation
FNDA:0,(anonymous_1)
FNDA:0,(anonymous_2)
FNDA:0,(anonymous_3)
FNDA:0,(anonymous_4)
FNDA:0,(anonymous_5)
FNDA:16,useWeather
FNDA:5,(anonymous_7)
FNDA:2,(anonymous_8)
DA:1,1
DA:4,1
DA:6,1
DA:7,0
DA:12,0
DA:13,0
DA:14,0
DA:15,0
DA:17,0
DA:18,0
DA:20,0
DA:27,0
DA:32,0
DA:41,0
DA:42,0
DA:44,0
DA:47,1
DA:51,16
DA:56,16
DA:57,5
DA:58,5
DA:59,5
DA:60,4
DA:61,2
DA:62,1
DA:63,1
DA:65,1
DA:66,1
DA:68,2
DA:69,2
DA:71,1
DA:74,16
DA:75,2
DA:76,2
DA:77,2
DA:78,2
DA:79,1
DA:80,1
DA:82,1
DA:83,1
DA:85,0
DA:88,16
LF:42
LH:28
BRDA:13,0,0,0
BRDA:13,0,1,0
BRDA:34,1,0,0
BRDA:34,1,1,0
BRDA:60,2,0,2
BRDA:60,2,1,2
BRDA:61,3,0,1
BRDA:61,3,1,1
BRDA:78,4,0,1
BRDA:78,4,1,1
BRF:10
BRH:6
end_of_record
TN:
SF:src/components/weather/weather.utils.ts
FN:36,getWmoCodeInfo
FN:40,getWeatherDescription
FN:44,getWeatherIcon
FN:48,getWeatherGradient
FN:52,convertCelsiusToFahrenheit
FN:56,convertTemperature
FN:61,formatTemperature
FN:67,formatDate
FN:75,isToday
FNF:9
FNH:9
FNDA:141,getWmoCodeInfo
FNDA:4,getWeatherDescription
FNDA:128,getWeatherIcon
FNDA:3,getWeatherGradient
FNDA:32,convertCelsiusToFahrenheit
FNDA:172,convertTemperature
FNDA:168,formatTemperature
FNDA:2,formatDate
FNDA:45,isToday
DA:9,5
DA:30,5
DA:36,5
DA:37,141
DA:40,5
DA:41,4
DA:44,5
DA:45,128
DA:48,5
DA:49,3
DA:52,5
DA:53,32
DA:56,5
DA:57,172
DA:58,26
DA:61,5
DA:62,168
DA:63,168
DA:64,168
DA:67,5
DA:68,2
DA:69,2
DA:75,5
DA:76,45
DA:77,45
DA:78,45
LF:26
LH:26
BRDA:37,0,0,141
BRDA:37,0,1,5
BRDA:57,1,0,146
BRDA:57,1,1,26
BRDA:61,2,0,1
BRDA:63,3,0,144
BRDA:63,3,1,24
BRDA:79,4,0,45
BRDA:79,4,1,13
BRDA:79,4,2,7
BRF:10
BRH:10
end_of_record
